<?xml version="1.0" encoding="UTF-8" ?>
<testsuite tests="3" failures="0" name="lab4_exercise3.WeekTimetableJTest" time="0.007" errors="0" skipped="0">
  <properties>
[...]
</properties>
  <testcase classname="lab4_exercise3.WeekTimetableJTest" name="lab4_testSetSessionPicture" time="0.007"/>
  <testcase classname="lab4_exercise3.WeekTimetableJTest" name="lab4_testTimetable" time="0"/>
  <testcase classname="lab4_exercise3.WeekTimetableJTest" name="lab4_testSecondTimetable" time="0"/>
</testsuite>