<?xml version="1.0" encoding="UTF-8"?>
<testsuite xmlns:xsi="http://www.w3.org/2001/XMLSchema-instance" xsi:noNamespaceSchemaLocation="https://maven.apache.org/surefire/maven-surefire-plugin/xsd/surefire-test-report.xsd" name="exercise1.ClockDisplayTest" time="0.032" tests="8" errors="0" skipped="0" failures="0">
  <properties>
[...]
</properties>
  <testcase name="testMidnightAM" classname="exercise1.ClockDisplayTest" time="0.002"/>
  <testcase name="testNoon" classname="exercise1.ClockDisplayTest" time="0"/>
  <testcase name="testMidnight" classname="exercise1.ClockDisplayTest" time="0"/>
  <testcase name="testAM" classname="exercise1.ClockDisplayTest" time="0"/>
  <testcase name="testPM" classname="exercise1.ClockDisplayTest" time="0"/>
  <testcase name="testMorning" classname="exercise1.ClockDisplayTest" time="0"/>
  <testcase name="testNoonPM" classname="exercise1.ClockDisplayTest" time="0"/>
  <testcase name="testAfternoon" classname="exercise1.ClockDisplayTest" time="0.001"/>
</testsuite>